2025-07-24 14:17:46,853 [ERROR] LogOutputStream:75 - [STDERR_REDIRECT] 
2025-07-24 14:19:36,205 [INFO] Activator:176 - 


2025-07-24 14:19:36,206 [INFO] Activator:177 - !SESSION log4j initialized
2025-07-24 14:19:38,076 [INFO] LogOutputStream:77 - [STDOUT_REDIRECT] 
2025-07-24 14:19:50,959 [INFO] ApplicationProperties:184 - Using Application install path: C:\ST\STM32CubeIDE_1.18.1\STM32CubeIDE\plugins\com.st.stm32cube.common.mx_6.14.1.202504091515
2025-07-24 14:19:50,975 [INFO] DbMcusXml:78 - Set database path to: C:\ST\STM32CubeIDE_1.18.1\STM32CubeIDE\plugins\com.st.stm32cube.common.mx_6.14.1.202504091515\\db\/mcu/
2025-07-24 14:19:50,975 [INFO] ApiDb:274 - Set plugin database path to: C:\ST\STM32CubeIDE_1.18.1\STM32CubeIDE\plugins\com.st.stm32cube.common.mx_6.14.1.202504091515\\db\/plugins/boardmanager/
2025-07-24 14:19:50,975 [WARN] ApiDb:259 - Overriding images path with different value:  => C:\ST\STM32CubeIDE_1.18.1\STM32CubeIDE\plugins\com.st.stm32cube.common.mx_6.14.1.202504091515\\db\/plugins/mcufinder/images/
2025-07-24 14:19:50,984 [INFO] ApiDb:250 - Set database path to: C:\Users\tutor\.stmcufinder\plugins\mcufinder//mcu/
2025-07-24 14:19:50,985 [INFO] DbMcusAds:125 - Set database path to: C:\Users\tutor\.stmcufinder\plugins\mcufinder//mcu/
2025-07-24 14:19:50,996 [INFO] CrossReferenceDbSqlite:203 - Set database path to: C:\Users\tutor\.stmcufinder\plugins\mcufinder//mcu/cs/
2025-07-24 14:19:51,081 [INFO] RulesReader:64 - Compatibility file has been processed (302 Rules)
2025-07-24 14:19:51,139 [INFO] DbMcusXml:78 - Set database path to: C:\ST\STM32CubeIDE_1.18.1\STM32CubeIDE\plugins\com.st.stm32cube.common.mx_6.14.1.202504091515\\db\/mcu/
2025-07-24 14:19:51,139 [INFO] ApiDb:274 - Set plugin database path to: C:\ST\STM32CubeIDE_1.18.1\STM32CubeIDE\plugins\com.st.stm32cube.common.mx_6.14.1.202504091515\\db\/plugins/boardmanager/
2025-07-24 14:19:51,139 [INFO] ApiDb:261 - Set plugin images path to: C:\ST\STM32CubeIDE_1.18.1\STM32CubeIDE\plugins\com.st.stm32cube.common.mx_6.14.1.202504091515\\db\/plugins/mcufinder/images/
2025-07-24 14:19:51,140 [WARN] DbFile:41 - Overriding database path with different value: C:\Users\tutor\.stmcufinder\plugins\mcufinder/ => C:\Users\tutor\.stmcufinder\plugins\mcufinder
2025-07-24 14:19:51,140 [INFO] ApiDb:250 - Set database path to: C:\Users\tutor\.stmcufinder\plugins\mcufinder//mcu/
2025-07-24 14:19:51,140 [WARN] DbFile:41 - Overriding database path with different value: C:\Users\tutor\.stmcufinder\plugins\mcufinder/ => C:\Users\tutor\.stmcufinder\plugins\mcufinder
2025-07-24 14:19:51,140 [INFO] DbMcusAds:125 - Set database path to: C:\Users\tutor\.stmcufinder\plugins\mcufinder//mcu/
2025-07-24 14:19:51,140 [WARN] DbFile:41 - Overriding database path with different value: C:\Users\tutor\.stmcufinder\plugins\mcufinder/ => C:\Users\tutor\.stmcufinder\plugins\mcufinder
2025-07-24 14:19:51,140 [WARN] DbFile:41 - Overriding database path with different value: C:\Users\tutor\.stmcufinder\plugins\mcufinder/ => C:\Users\tutor\.stmcufinder\plugins\mcufinder
2025-07-24 14:19:51,140 [INFO] CrossReferenceDbSqlite:203 - Set database path to: C:\Users\tutor\.stmcufinder\plugins\mcufinder//mcu/cs/
2025-07-24 14:19:51,219 [INFO] MainPanel:272 - HeapMemory: 300941312
2025-07-24 14:19:51,306 [INFO] DbMcusXml:78 - Set database path to: C:\ST\STM32CubeIDE_1.18.1\STM32CubeIDE\plugins\com.st.stm32cube.common.mx_6.14.1.202504091515\\db\/mcu/
2025-07-24 14:19:51,306 [INFO] ApiDb:274 - Set plugin database path to: C:\ST\STM32CubeIDE_1.18.1\STM32CubeIDE\plugins\com.st.stm32cube.common.mx_6.14.1.202504091515\\db\/plugins/boardmanager/
2025-07-24 14:19:51,306 [INFO] ApiDb:261 - Set plugin images path to: C:\ST\STM32CubeIDE_1.18.1\STM32CubeIDE\plugins\com.st.stm32cube.common.mx_6.14.1.202504091515\\db\/plugins/mcufinder/images/
2025-07-24 14:19:51,306 [WARN] DbFile:41 - Overriding database path with different value: C:\Users\tutor\.stmcufinder\plugins\mcufinder/ => C:\Users\tutor\.stmcufinder\plugins\mcufinder
2025-07-24 14:19:51,306 [INFO] ApiDb:250 - Set database path to: C:\Users\tutor\.stmcufinder\plugins\mcufinder//mcu/
2025-07-24 14:19:51,306 [WARN] DbFile:41 - Overriding database path with different value: C:\Users\tutor\.stmcufinder\plugins\mcufinder/ => C:\Users\tutor\.stmcufinder\plugins\mcufinder
2025-07-24 14:19:51,306 [INFO] DbMcusAds:125 - Set database path to: C:\Users\tutor\.stmcufinder\plugins\mcufinder//mcu/
2025-07-24 14:19:51,306 [WARN] DbFile:41 - Overriding database path with different value: C:\Users\tutor\.stmcufinder\plugins\mcufinder/ => C:\Users\tutor\.stmcufinder\plugins\mcufinder
2025-07-24 14:19:51,306 [WARN] DbFile:41 - Overriding database path with different value: C:\Users\tutor\.stmcufinder\plugins\mcufinder/ => C:\Users\tutor\.stmcufinder\plugins\mcufinder
2025-07-24 14:19:51,306 [INFO] CrossReferenceDbSqlite:203 - Set database path to: C:\Users\tutor\.stmcufinder\plugins\mcufinder//mcu/cs/
2025-07-24 14:19:51,320 [INFO] ApplicationProperties:184 - Using Application install path: C:\ST\STM32CubeIDE_1.18.1\STM32CubeIDE\plugins\com.st.stm32cube.common.mx_6.14.1.202504091515
2025-07-24 14:19:51,321 [INFO] PluginManage:196 - Search for loadable plugins [exclusion list=, ]
2025-07-24 14:19:51,322 [INFO] PluginManage:310 - Check plugin analytics
2025-07-24 14:19:51,451 [INFO] AnalyticsPlugin:253 - Accepted Software Licenses: 
2025-07-24 14:19:51,452 [INFO] AnalyticsPlugin:255 - Accepted CMSIS Pack Licenses: 
2025-07-24 14:19:51,452 [INFO] AnalyticsPlugin:257 - Accepted Firmware Licenses: FW.H7.1.12.0
2025-07-24 14:19:51,453 [INFO] PluginManage:359 - Loaded plugin analytics (category:tool,tabindex:-1)
2025-07-24 14:19:51,453 [INFO] PluginManage:310 - Check plugin cadmodel
2025-07-24 14:19:51,457 [INFO] CADModel:105 - Init CAD model plugin
2025-07-24 14:19:51,458 [INFO] PluginManage:359 - Loaded plugin cadmodel (category:power,tabindex:5)
2025-07-24 14:19:51,458 [INFO] PluginManage:310 - Check plugin clock
2025-07-24 14:19:51,465 [INFO] PluginManage:359 - Loaded plugin clock (category:base,tabindex:2)
2025-07-24 14:19:51,465 [INFO] PluginManage:310 - Check plugin ddr
2025-07-24 14:19:51,467 [INFO] PluginManage:359 - Loaded plugin ddr (category:tool,tabindex:6)
2025-07-24 14:19:51,467 [INFO] PluginManage:310 - Check plugin filemanager
2025-07-24 14:19:51,571 [INFO] PluginManage:359 - Loaded plugin filemanager (category:base,tabindex:10)
2025-07-24 14:19:51,571 [INFO] PluginManage:310 - Check plugin ipmanager
2025-07-24 14:19:51,577 [INFO] PluginManage:359 - Loaded plugin ipmanager (category:base,tabindex:5)
2025-07-24 14:19:51,577 [INFO] PluginManage:310 - Check plugin lpbam
2025-07-24 14:19:51,584 [INFO] PluginManage:359 - Loaded plugin lpbam (category:base,tabindex:0)
2025-07-24 14:19:51,584 [INFO] PluginManage:310 - Check plugin memorymap
2025-07-24 14:19:51,594 [INFO] PluginManage:359 - Loaded plugin memorymap (category:base,tabindex:4)
2025-07-24 14:19:51,595 [INFO] PluginManage:310 - Check plugin pinoutandconfiguration
2025-07-24 14:19:51,602 [INFO] PluginManage:359 - Loaded plugin pinoutandconfiguration (category:base,tabindex:1)
2025-07-24 14:19:51,602 [INFO] PluginManage:310 - Check plugin pinoutconfig
2025-07-24 14:19:51,669 [WARN] SupportedApi:132 - Cannot load RTOS API schema: s4s-elt-must-match.1: The content of 'definitions' must match (annotation?, (simpleType | complexType)?, (unique | key | keyref)*)). A problem was found starting at: attribute.
2025-07-24 14:19:51,769 [INFO] PluginManage:359 - Loaded plugin pinoutconfig (category:base,tabindex:0)
2025-07-24 14:19:51,770 [INFO] PluginManage:310 - Check plugin power
2025-07-24 14:19:51,779 [INFO] PluginManage:359 - Loaded plugin power (category:power,tabindex:4)
2025-07-24 14:19:51,779 [INFO] PluginManage:310 - Check plugin projectmanager
2025-07-24 14:19:51,790 [INFO] PluginManage:359 - Loaded plugin projectmanager (category:projectmanager,tabindex:4)
2025-07-24 14:19:51,790 [INFO] PluginManage:310 - Check plugin rif
2025-07-24 14:19:51,796 [INFO] PluginManage:359 - Loaded plugin rif (category:base,tabindex:3)
2025-07-24 14:19:51,796 [INFO] PluginManage:310 - Check plugin thirdparty
2025-07-24 14:19:51,925 [WARN] IntegrityCheckThread:84 - waiting for thirdparty lock release [integrity check]
2025-07-24 14:19:51,925 [INFO] PluginManage:359 - Loaded plugin thirdparty (category:base,tabindex:-1)
2025-07-24 14:19:51,925 [INFO] IntegrityCheckThread:86 - entering critical section [integrity check]
2025-07-24 14:19:51,925 [INFO] PluginManage:310 - Check plugin tools
2025-07-24 14:19:51,925 [INFO] ThirdPartyUpdaterWithRetryManager:70 - Updater plugin not ready yet. [1/15]
2025-07-24 14:19:51,927 [INFO] PluginManage:359 - Loaded plugin tools (category:base,tabindex:7)
2025-07-24 14:19:51,927 [INFO] PluginManage:310 - Check plugin tutovideos
2025-07-24 14:19:52,072 [INFO] PluginManage:359 - Loaded plugin tutovideos (category:base,tabindex:-1)
2025-07-24 14:19:52,072 [INFO] PluginManage:310 - Check plugin updater
2025-07-24 14:19:52,092 [INFO] PluginManage:359 - Loaded plugin updater (category:base,tabindex:12)
2025-07-24 14:19:52,092 [INFO] PluginManage:310 - Check plugin userauth
2025-07-24 14:19:52,095 [INFO] UserAuth:118 - Init User Auth plugin
2025-07-24 14:19:52,096 [INFO] PluginManage:359 - Loaded plugin userauth (category:base,tabindex:14)
2025-07-24 14:19:52,096 [INFO] PluginManage:283 - PluginManage : Loaded plugins [18]
2025-07-24 14:19:52,274 [INFO] PinOutPanel:1589 - setPackage(No Configuration,No Configuration)
2025-07-24 14:19:52,352 [INFO] CADModel:165 - CPN selected for project level
2025-07-24 14:19:52,352 [INFO] CADModel:114 - Register for checkConnection events
2025-07-24 14:19:52,368 [INFO] IPUIPlugin:80 - create IPUIPlugin
2025-07-24 14:19:52,368 [INFO] PluginManager:220 - loadIPPluginJar : add adc
2025-07-24 14:19:52,371 [INFO] IPUIPlugin:80 - create IPUIPlugin
2025-07-24 14:19:52,371 [INFO] PluginManager:220 - loadIPPluginJar : add aes
2025-07-24 14:19:52,373 [INFO] IPUIPlugin:80 - create IPUIPlugin
2025-07-24 14:19:52,373 [INFO] PluginManager:220 - loadIPPluginJar : add can
2025-07-24 14:19:52,375 [INFO] IPUIPlugin:80 - create IPUIPlugin
2025-07-24 14:19:52,375 [INFO] PluginManager:220 - loadIPPluginJar : add comp
2025-07-24 14:19:52,378 [INFO] IPUIPlugin:80 - create IPUIPlugin
2025-07-24 14:19:52,378 [INFO] PluginManager:220 - loadIPPluginJar : add cryp
2025-07-24 14:19:52,382 [INFO] IPUIPlugin:80 - create IPUIPlugin
2025-07-24 14:19:52,382 [INFO] PluginManager:220 - loadIPPluginJar : add ddr_ctrl_phy
2025-07-24 14:19:52,384 [INFO] IPUIPlugin:80 - create IPUIPlugin
2025-07-24 14:19:52,384 [INFO] PluginManager:220 - loadIPPluginJar : add dfsdm
2025-07-24 14:19:52,388 [INFO] IPUIPlugin:80 - create IPUIPlugin
2025-07-24 14:19:52,389 [INFO] PluginManager:220 - loadIPPluginJar : add dma
2025-07-24 14:19:52,391 [INFO] IPUIPlugin:80 - create IPUIPlugin
2025-07-24 14:19:52,391 [INFO] PluginManager:220 - loadIPPluginJar : add dma3
2025-07-24 14:19:52,394 [INFO] IPUIPlugin:80 - create IPUIPlugin
2025-07-24 14:19:52,395 [INFO] PluginManager:220 - loadIPPluginJar : add extmemmanager
2025-07-24 14:19:52,396 [INFO] IPUIPlugin:80 - create IPUIPlugin
2025-07-24 14:19:52,396 [INFO] PluginManager:220 - loadIPPluginJar : add fatfs
2025-07-24 14:19:52,399 [INFO] IPUIPlugin:80 - create IPUIPlugin
2025-07-24 14:19:52,399 [INFO] PluginManager:220 - loadIPPluginJar : add fmc
2025-07-24 14:19:52,406 [INFO] IPUIPlugin:80 - create IPUIPlugin
2025-07-24 14:19:52,406 [INFO] PluginManager:220 - loadIPPluginJar : add freertos
2025-07-24 14:19:52,410 [INFO] IPUIPlugin:80 - create IPUIPlugin
2025-07-24 14:19:52,410 [INFO] PluginManager:220 - loadIPPluginJar : add genericplugin
2025-07-24 14:19:52,413 [INFO] IPUIPlugin:80 - create IPUIPlugin
2025-07-24 14:19:52,413 [INFO] PluginManager:220 - loadIPPluginJar : add gfxmmu
2025-07-24 14:19:52,417 [INFO] IPUIPlugin:80 - create IPUIPlugin
2025-07-24 14:19:52,417 [INFO] PluginManager:220 - loadIPPluginJar : add gic
2025-07-24 14:19:52,421 [INFO] IPUIPlugin:80 - create IPUIPlugin
2025-07-24 14:19:52,421 [INFO] PluginManager:220 - loadIPPluginJar : add gpio
2025-07-24 14:19:52,424 [INFO] IPUIPlugin:80 - create IPUIPlugin
2025-07-24 14:19:52,424 [INFO] PluginManager:220 - loadIPPluginJar : add gtzc
2025-07-24 14:19:52,426 [INFO] IPUIPlugin:80 - create IPUIPlugin
2025-07-24 14:19:52,426 [INFO] PluginManager:220 - loadIPPluginJar : add hash
2025-07-24 14:19:52,428 [INFO] IPUIPlugin:80 - create IPUIPlugin
2025-07-24 14:19:52,428 [INFO] PluginManager:220 - loadIPPluginJar : add i2c
2025-07-24 14:19:52,431 [INFO] IPUIPlugin:80 - create IPUIPlugin
2025-07-24 14:19:52,431 [INFO] PluginManager:220 - loadIPPluginJar : add i2s
2025-07-24 14:19:52,433 [INFO] IPUIPlugin:80 - create IPUIPlugin
2025-07-24 14:19:52,433 [INFO] PluginManager:220 - loadIPPluginJar : add i3c
2025-07-24 14:19:52,436 [INFO] IPUIPlugin:80 - create IPUIPlugin
2025-07-24 14:19:52,436 [INFO] PluginManager:220 - loadIPPluginJar : add ipddr
2025-07-24 14:19:52,442 [INFO] IPUIPlugin:80 - create IPUIPlugin
2025-07-24 14:19:52,443 [INFO] PluginManager:220 - loadIPPluginJar : add linkedlist
2025-07-24 14:19:52,446 [INFO] IPUIPlugin:80 - create IPUIPlugin
2025-07-24 14:19:52,446 [INFO] PluginManager:220 - loadIPPluginJar : add lorawan
2025-07-24 14:19:52,448 [INFO] IPUIPlugin:80 - create IPUIPlugin
2025-07-24 14:19:52,448 [INFO] PluginManager:220 - loadIPPluginJar : add ltdc
2025-07-24 14:19:52,452 [INFO] IPUIPlugin:80 - create IPUIPlugin
2025-07-24 14:19:52,453 [INFO] PluginManager:220 - loadIPPluginJar : add mdma
2025-07-24 14:19:52,456 [INFO] IPUIPlugin:80 - create IPUIPlugin
2025-07-24 14:19:52,457 [INFO] PluginManager:220 - loadIPPluginJar : add nvic
2025-07-24 14:19:52,459 [INFO] IPUIPlugin:80 - create IPUIPlugin
2025-07-24 14:19:52,459 [INFO] PluginManager:220 - loadIPPluginJar : add opamp
2025-07-24 14:19:52,462 [INFO] IPUIPlugin:80 - create IPUIPlugin
2025-07-24 14:19:52,462 [INFO] PluginManager:220 - loadIPPluginJar : add openamp
2025-07-24 14:19:52,465 [INFO] IPUIPlugin:80 - create IPUIPlugin
2025-07-24 14:19:52,465 [INFO] PluginManager:220 - loadIPPluginJar : add pdm2pcm
2025-07-24 14:19:52,470 [INFO] IPUIPlugin:80 - create IPUIPlugin
2025-07-24 14:19:52,472 [INFO] PluginManager:220 - loadIPPluginJar : add plateformsettings
2025-07-24 14:19:52,474 [INFO] IPUIPlugin:80 - create IPUIPlugin
2025-07-24 14:19:52,474 [INFO] PluginManager:220 - loadIPPluginJar : add quadspi
2025-07-24 14:19:52,476 [INFO] IPUIPlugin:80 - create IPUIPlugin
2025-07-24 14:19:52,476 [INFO] PluginManager:220 - loadIPPluginJar : add radio
2025-07-24 14:19:52,481 [INFO] IPUIPlugin:80 - create IPUIPlugin
2025-07-24 14:19:52,481 [INFO] PluginManager:220 - loadIPPluginJar : add resmgrutility
2025-07-24 14:19:52,486 [INFO] IPUIPlugin:80 - create IPUIPlugin
2025-07-24 14:19:52,486 [INFO] PluginManager:220 - loadIPPluginJar : add sai
2025-07-24 14:19:52,488 [INFO] IPUIPlugin:80 - create IPUIPlugin
2025-07-24 14:19:52,488 [INFO] PluginManager:220 - loadIPPluginJar : add spi
2025-07-24 14:19:52,492 [INFO] IPUIPlugin:80 - create IPUIPlugin
2025-07-24 14:19:52,492 [INFO] PluginManager:220 - loadIPPluginJar : add stm32_wpan
2025-07-24 14:19:52,494 [INFO] IPUIPlugin:80 - create IPUIPlugin
2025-07-24 14:19:52,494 [INFO] PluginManager:220 - loadIPPluginJar : add tim
2025-07-24 14:19:52,496 [INFO] IPUIPlugin:80 - create IPUIPlugin
2025-07-24 14:19:52,496 [INFO] PluginManager:220 - loadIPPluginJar : add touchsensing
2025-07-24 14:19:52,498 [INFO] IPUIPlugin:80 - create IPUIPlugin
2025-07-24 14:19:52,498 [INFO] PluginManager:220 - loadIPPluginJar : add tracer_emb
2025-07-24 14:19:52,500 [INFO] IPUIPlugin:80 - create IPUIPlugin
2025-07-24 14:19:52,500 [INFO] PluginManager:220 - loadIPPluginJar : add ts
2025-07-24 14:19:52,502 [INFO] IPUIPlugin:80 - create IPUIPlugin
2025-07-24 14:19:52,502 [INFO] PluginManager:220 - loadIPPluginJar : add tsc
2025-07-24 14:19:52,504 [INFO] IPUIPlugin:80 - create IPUIPlugin
2025-07-24 14:19:52,504 [INFO] PluginManager:220 - loadIPPluginJar : add ucpd
2025-07-24 14:19:52,507 [INFO] IPUIPlugin:80 - create IPUIPlugin
2025-07-24 14:19:52,507 [INFO] PluginManager:220 - loadIPPluginJar : add usart
2025-07-24 14:19:52,509 [INFO] IPUIPlugin:80 - create IPUIPlugin
2025-07-24 14:19:52,509 [INFO] PluginManager:220 - loadIPPluginJar : add usbx
2025-07-24 14:19:52,624 [FATAL] Updater:351 - Updater called before beeing initialized
2025-07-24 14:19:52,661 [INFO] RulesReader:64 - Compatibility file has been processed (302 Rules)
2025-07-24 14:19:52,668 [INFO] RulesReader:64 - Compatibility file has been processed (302 Rules)
2025-07-24 14:19:52,676 [INFO] CADModel:165 - CPN selected for project level
2025-07-24 14:19:52,676 [INFO] CADModel:114 - Register for checkConnection events
2025-07-24 14:19:52,676 [FATAL] Updater:351 - Updater called before beeing initialized
2025-07-24 14:19:52,676 [ERROR] CADModel:125 - Updater not yet initialized, retry later 
2025-07-24 14:19:52,809 [FATAL] Updater:351 - Updater called before beeing initialized
2025-07-24 14:19:52,811 [INFO] CADModel:165 - CPN selected for project level
2025-07-24 14:19:52,811 [INFO] CADModel:114 - Register for checkConnection events
2025-07-24 14:19:52,811 [FATAL] Updater:351 - Updater called before beeing initialized
2025-07-24 14:19:52,811 [ERROR] CADModel:125 - Updater not yet initialized, retry later 
2025-07-24 14:19:52,820 [FATAL] Updater:351 - Updater called before beeing initialized
2025-07-24 14:19:52,899 [FATAL] Updater:351 - Updater called before beeing initialized
2025-07-24 14:19:52,902 [INFO] DbMcusAds:53 - JSON generation date=Tue Jul 08 04:14:23 EDT 2025 (1751962463582)
2025-07-24 14:19:52,903 [FATAL] Updater:351 - Updater called before beeing initialized
2025-07-24 14:19:52,929 [WARN] DetailPanel:346 - Failed to get advertising image, set to default
2025-07-24 14:19:53,103 [FATAL] Updater:351 - Updater called before beeing initialized
2025-07-24 14:19:53,106 [FATAL] Updater:351 - Updater called before beeing initialized
2025-07-24 14:19:53,106 [FATAL] Updater:351 - Updater called before beeing initialized
2025-07-24 14:19:53,106 [WARN] DetailPanel:346 - Failed to get advertising image, set to default
2025-07-24 14:19:53,107 [FATAL] Updater:351 - Updater called before beeing initialized
2025-07-24 14:19:53,144 [ERROR] Updater:1198 - MainUpdater not yet initialized. External WinMGr cannot be set.
2025-07-24 14:19:53,146 [INFO] Updater:1134 - Updater Version found : 6.14.1
2025-07-24 14:19:53,161 [INFO] ApplicationProperties:184 - Using Application install path: C:\ST\STM32CubeIDE_1.18.1\STM32CubeIDE\plugins\com.st.stm32cube.common.mx_6.14.1.202504091515
2025-07-24 14:19:54,733 [ERROR] LogOutputStream:75 - [STDERR_REDIRECT] Jul 24, 2025 2:19:54 PM java.util.prefs.WindowsPreferences <init>
2025-07-24 14:19:54,736 [ERROR] LogOutputStream:75 - [STDERR_REDIRECT] WARNING: Could not open/create prefs root node Software\JavaSoft\Prefs at root 0xffffffff80000002. Windows RegCreateKeyEx(...) returned error code 5.
2025-07-24 14:19:54,736 [ERROR] LogOutputStream:75 - [STDERR_REDIRECT] 
2025-07-24 14:19:54,767 [INFO] MainUpdater:525 - Copy updater definitions from MX database
2025-07-24 14:19:54,927 [INFO] ThirdPartyUpdaterWithRetryManager:70 - Updater plugin not ready yet. [2/15]
2025-07-24 14:19:54,965 [INFO] MainUpdater:2872 - connection check result : 10
2025-07-24 14:19:54,966 [INFO] MainUpdater:3566 - Updater definition file requires update
2025-07-24 14:19:54,966 [INFO] MainUpdater:289 - Updater Check For Update Now.
2025-07-24 14:19:54,966 [INFO] MicroXplorer:498 - Change Database Version : DB.6.0.141
2025-07-24 14:19:54,972 [INFO] McuFinderGlobals:63 - Set McuFinder mode to 2 (CubeIDE integrated)
2025-07-24 14:19:54,973 [INFO] UserAuth:484 - Internet connection configuration mode: 1
2025-07-24 14:19:54,988 [INFO] JxBrowserEngine:152 - Initiate JxBrowser Engine with user profile folder
2025-07-24 14:19:55,548 [INFO] ServerAccessManage:473 - Download File updaters.zip
2025-07-24 14:19:55,611 [INFO] FileExtend:242 - Unzip File : updaters.zip
2025-07-24 14:19:55,612 [INFO] FileExtend:257 - Standard Zip Deflate
2025-07-24 14:19:55,643 [INFO] WebApp:169 - Instantiating new browser for Auth
2025-07-24 14:19:56,218 [INFO] ServerAccessManage:473 - Download File PacksControlFlags.xml
2025-07-24 14:19:56,306 [INFO] WebApp:463 - Apply proxy settings
2025-07-24 14:19:56,306 [INFO] WebApp:548 - Chromium requires no authentication
2025-07-24 14:19:56,314 [INFO] WebApp:491 - Direct internet connection detected
2025-07-24 14:19:56,340 [INFO] WebApp:894 - Register for checkConnection events
2025-07-24 14:19:56,341 [INFO] WebApp:463 - Apply proxy settings
2025-07-24 14:19:56,341 [INFO] WebApp:548 - Chromium requires no authentication
2025-07-24 14:19:56,342 [INFO] WebApp:491 - Direct internet connection detected
2025-07-24 14:19:56,503 [INFO] WebApp:191 - Connection restablished
2025-07-24 14:19:56,559 [INFO] WebApp:225 - Starting web application
2025-07-24 14:19:56,559 [INFO] WebApp:593 - Web application path used C:\ST\STM32CubeIDE_1.18.1\STM32CubeIDE\plugins\com.st.stm32cube.common.mx_6.14.1.202504091515\db\plugins\mcufinder\reactClient1\index.html
2025-07-24 14:19:56,632 [INFO] UserAuth:484 - Internet connection configuration mode: 1
2025-07-24 14:19:56,634 [INFO] ServerAccessManage:473 - Download File cubemx.pidx
2025-07-24 14:19:57,341 [INFO] ServerAccessManage:473 - Download File STMicroelectronics.X-CUBE-BLEMGR.pdsc
2025-07-24 14:19:57,929 [WARN] MainUpdater:1193 - Updater busy. Cannot search thirdparties
2025-07-24 14:19:57,930 [INFO] ThirdPartyUpdaterWithRetryManager:96 - Updater plugin is busy. [1/15]
2025-07-24 14:19:58,146 [ERROR] ServerAccessManage:1089 - Problem, file not found on Server
2025-07-24 14:19:59,754 [ERROR] ExternalUserPreferencesManager:606 - Error while get path from external application: Cannot invoke "com.st.stm32cube.common.mx.MxActivator.getBundle()" because the return value of "com.st.stm32cube.common.mx.MxActivator.getDefault()" is null
2025-07-24 14:19:59,754 [ERROR] ExternalUserPreferencesManager:336 - Error while get preference info from external application: Cannot invoke "com.st.stm32cube.common.mx.MxActivator.getBundle()" because the return value of "com.st.stm32cube.common.mx.MxActivator.getDefault()" is null
2025-07-24 14:19:59,754 [ERROR] ExternalUserPreferencesManager:560 - Error while get preference info from external application: Cannot invoke "com.st.stm32cube.common.mx.MxActivator.getBundle()" because the return value of "com.st.stm32cube.common.mx.MxActivator.getDefault()" is null
2025-07-24 14:19:59,773 [ERROR] ExternalUserPreferencesManager:560 - Error while get preference info from external application: Cannot invoke "com.st.stm32cube.common.mx.MxActivator.getBundle()" because the return value of "com.st.stm32cube.common.mx.MxActivator.getDefault()" is null
2025-07-24 14:19:59,819 [ERROR] LogOutputStream:75 - [STDERR_REDIRECT] 
2025-07-24 14:19:59,820 [ERROR] LogOutputStream:75 - [STDERR_REDIRECT] 
