2025-07-24 14:20:18,548 [INFO] Activator:176 - 


2025-07-24 14:20:18,550 [INFO] Activator:177 - !SESSION log4j initialized
2025-07-24 14:20:20,759 [INFO] LogOutputStream:77 - [STDOUT_REDIRECT] 
2025-07-24 14:20:33,261 [INFO] ApplicationProperties:184 - Using Application install path: C:\ST\STM32CubeIDE_1.19.0\STM32CubeIDE\plugins\com.st.stm32cube.common.mx_6.15.0.202507011659
2025-07-24 14:20:33,277 [INFO] DbMcusXml:78 - Set database path to: C:\ST\STM32CubeIDE_1.19.0\STM32CubeIDE\plugins\com.st.stm32cube.common.mx_6.15.0.202507011659\\db\/mcu/
2025-07-24 14:20:33,277 [INFO] ApiDb:274 - Set plugin database path to: C:\ST\STM32CubeIDE_1.19.0\STM32CubeIDE\plugins\com.st.stm32cube.common.mx_6.15.0.202507011659\\db\/plugins/boardmanager/
2025-07-24 14:20:33,278 [WARN] ApiDb:259 - Overriding images path with different value:  => C:\ST\STM32CubeIDE_1.19.0\STM32CubeIDE\plugins\com.st.stm32cube.common.mx_6.15.0.202507011659\\db\/plugins/mcufinder/images/
2025-07-24 14:20:33,283 [INFO] ApiDb:250 - Set database path to: C:\Users\tutor\.stmcufinder\plugins\mcufinder//mcu/
2025-07-24 14:20:33,284 [INFO] DbMcusAds:125 - Set database path to: C:\Users\tutor\.stmcufinder\plugins\mcufinder//mcu/
2025-07-24 14:20:33,292 [INFO] CrossReferenceDbSqlite:203 - Set database path to: C:\Users\tutor\.stmcufinder\plugins\mcufinder//mcu/cs/
2025-07-24 14:20:33,375 [INFO] RulesReader:64 - Compatibility file has been processed (317 Rules)
2025-07-24 14:20:33,436 [INFO] DbMcusXml:78 - Set database path to: C:\ST\STM32CubeIDE_1.19.0\STM32CubeIDE\plugins\com.st.stm32cube.common.mx_6.15.0.202507011659\\db\/mcu/
2025-07-24 14:20:33,436 [INFO] ApiDb:274 - Set plugin database path to: C:\ST\STM32CubeIDE_1.19.0\STM32CubeIDE\plugins\com.st.stm32cube.common.mx_6.15.0.202507011659\\db\/plugins/boardmanager/
2025-07-24 14:20:33,437 [INFO] ApiDb:261 - Set plugin images path to: C:\ST\STM32CubeIDE_1.19.0\STM32CubeIDE\plugins\com.st.stm32cube.common.mx_6.15.0.202507011659\\db\/plugins/mcufinder/images/
2025-07-24 14:20:33,437 [WARN] DbFile:41 - Overriding database path with different value: C:\Users\tutor\.stmcufinder\plugins\mcufinder/ => C:\Users\tutor\.stmcufinder\plugins\mcufinder
2025-07-24 14:20:33,437 [INFO] ApiDb:250 - Set database path to: C:\Users\tutor\.stmcufinder\plugins\mcufinder//mcu/
2025-07-24 14:20:33,437 [WARN] DbFile:41 - Overriding database path with different value: C:\Users\tutor\.stmcufinder\plugins\mcufinder/ => C:\Users\tutor\.stmcufinder\plugins\mcufinder
2025-07-24 14:20:33,437 [INFO] DbMcusAds:125 - Set database path to: C:\Users\tutor\.stmcufinder\plugins\mcufinder//mcu/
2025-07-24 14:20:33,437 [WARN] DbFile:41 - Overriding database path with different value: C:\Users\tutor\.stmcufinder\plugins\mcufinder/ => C:\Users\tutor\.stmcufinder\plugins\mcufinder
2025-07-24 14:20:33,437 [WARN] DbFile:41 - Overriding database path with different value: C:\Users\tutor\.stmcufinder\plugins\mcufinder/ => C:\Users\tutor\.stmcufinder\plugins\mcufinder
2025-07-24 14:20:33,437 [INFO] CrossReferenceDbSqlite:203 - Set database path to: C:\Users\tutor\.stmcufinder\plugins\mcufinder//mcu/cs/
2025-07-24 14:20:33,502 [INFO] MainPanel:274 - HeapMemory: 268435456
2025-07-24 14:20:33,588 [INFO] DbMcusXml:78 - Set database path to: C:\ST\STM32CubeIDE_1.19.0\STM32CubeIDE\plugins\com.st.stm32cube.common.mx_6.15.0.202507011659\\db\/mcu/
2025-07-24 14:20:33,588 [INFO] ApiDb:274 - Set plugin database path to: C:\ST\STM32CubeIDE_1.19.0\STM32CubeIDE\plugins\com.st.stm32cube.common.mx_6.15.0.202507011659\\db\/plugins/boardmanager/
2025-07-24 14:20:33,589 [INFO] ApiDb:261 - Set plugin images path to: C:\ST\STM32CubeIDE_1.19.0\STM32CubeIDE\plugins\com.st.stm32cube.common.mx_6.15.0.202507011659\\db\/plugins/mcufinder/images/
2025-07-24 14:20:33,589 [WARN] DbFile:41 - Overriding database path with different value: C:\Users\tutor\.stmcufinder\plugins\mcufinder/ => C:\Users\tutor\.stmcufinder\plugins\mcufinder
2025-07-24 14:20:33,589 [INFO] ApiDb:250 - Set database path to: C:\Users\tutor\.stmcufinder\plugins\mcufinder//mcu/
2025-07-24 14:20:33,589 [WARN] DbFile:41 - Overriding database path with different value: C:\Users\tutor\.stmcufinder\plugins\mcufinder/ => C:\Users\tutor\.stmcufinder\plugins\mcufinder
2025-07-24 14:20:33,589 [INFO] DbMcusAds:125 - Set database path to: C:\Users\tutor\.stmcufinder\plugins\mcufinder//mcu/
2025-07-24 14:20:33,589 [WARN] DbFile:41 - Overriding database path with different value: C:\Users\tutor\.stmcufinder\plugins\mcufinder/ => C:\Users\tutor\.stmcufinder\plugins\mcufinder
2025-07-24 14:20:33,589 [WARN] DbFile:41 - Overriding database path with different value: C:\Users\tutor\.stmcufinder\plugins\mcufinder/ => C:\Users\tutor\.stmcufinder\plugins\mcufinder
2025-07-24 14:20:33,589 [INFO] CrossReferenceDbSqlite:203 - Set database path to: C:\Users\tutor\.stmcufinder\plugins\mcufinder//mcu/cs/
2025-07-24 14:20:33,603 [INFO] ApplicationProperties:184 - Using Application install path: C:\ST\STM32CubeIDE_1.19.0\STM32CubeIDE\plugins\com.st.stm32cube.common.mx_6.15.0.202507011659
2025-07-24 14:20:33,605 [INFO] PluginManage:196 - Search for loadable plugins [exclusion list=, ]
2025-07-24 14:20:33,606 [INFO] PluginManage:310 - Check plugin analytics
2025-07-24 14:20:33,765 [INFO] AnalyticsPlugin:253 - Accepted Software Licenses: 
2025-07-24 14:20:33,765 [INFO] AnalyticsPlugin:255 - Accepted CMSIS Pack Licenses: 
2025-07-24 14:20:33,766 [INFO] AnalyticsPlugin:257 - Accepted Firmware Licenses: FW.H7.1.12.0
2025-07-24 14:20:33,767 [INFO] PluginManage:359 - Loaded plugin analytics (category:tool,tabindex:-1)
2025-07-24 14:20:33,768 [INFO] PluginManage:310 - Check plugin cadmodel
2025-07-24 14:20:33,775 [INFO] CADModel:105 - Init CAD model plugin
2025-07-24 14:20:33,775 [INFO] PluginManage:359 - Loaded plugin cadmodel (category:power,tabindex:5)
2025-07-24 14:20:33,775 [INFO] PluginManage:310 - Check plugin clock
2025-07-24 14:20:33,798 [INFO] PluginManage:359 - Loaded plugin clock (category:base,tabindex:2)
2025-07-24 14:20:33,799 [INFO] PluginManage:310 - Check plugin ddr
2025-07-24 14:20:33,803 [INFO] PluginManage:359 - Loaded plugin ddr (category:tool,tabindex:6)
2025-07-24 14:20:33,803 [INFO] PluginManage:310 - Check plugin filemanager
2025-07-24 14:20:33,956 [INFO] PluginManage:359 - Loaded plugin filemanager (category:base,tabindex:10)
2025-07-24 14:20:33,957 [INFO] PluginManage:310 - Check plugin ipmanager
2025-07-24 14:20:33,967 [INFO] PluginManage:359 - Loaded plugin ipmanager (category:base,tabindex:5)
2025-07-24 14:20:33,967 [INFO] PluginManage:310 - Check plugin lpbam
2025-07-24 14:20:33,981 [INFO] PluginManage:359 - Loaded plugin lpbam (category:base,tabindex:0)
2025-07-24 14:20:33,981 [INFO] PluginManage:310 - Check plugin memorymap
2025-07-24 14:20:33,999 [INFO] PluginManage:359 - Loaded plugin memorymap (category:base,tabindex:4)
2025-07-24 14:20:33,999 [INFO] PluginManage:310 - Check plugin pinoutandconfiguration
2025-07-24 14:20:34,010 [INFO] PluginManage:359 - Loaded plugin pinoutandconfiguration (category:base,tabindex:1)
2025-07-24 14:20:34,010 [INFO] PluginManage:310 - Check plugin pinoutconfig
2025-07-24 14:20:34,116 [WARN] SupportedApi:132 - Cannot load RTOS API schema: s4s-elt-must-match.1: The content of 'definitions' must match (annotation?, (simpleType | complexType)?, (unique | key | keyref)*)). A problem was found starting at: attribute.
2025-07-24 14:20:34,231 [INFO] PluginManage:359 - Loaded plugin pinoutconfig (category:base,tabindex:0)
2025-07-24 14:20:34,231 [INFO] PluginManage:310 - Check plugin power
2025-07-24 14:20:34,240 [INFO] PluginManage:359 - Loaded plugin power (category:power,tabindex:4)
2025-07-24 14:20:34,240 [INFO] PluginManage:310 - Check plugin projectmanager
2025-07-24 14:20:34,255 [INFO] PluginManage:359 - Loaded plugin projectmanager (category:projectmanager,tabindex:4)
2025-07-24 14:20:34,255 [INFO] PluginManage:310 - Check plugin rif
2025-07-24 14:20:34,266 [INFO] PluginManage:359 - Loaded plugin rif (category:base,tabindex:3)
2025-07-24 14:20:34,266 [INFO] PluginManage:310 - Check plugin thirdparty
2025-07-24 14:20:34,400 [INFO] PluginManage:359 - Loaded plugin thirdparty (category:base,tabindex:-1)
2025-07-24 14:20:34,400 [WARN] IntegrityCheckThread:84 - waiting for thirdparty lock release [integrity check]
2025-07-24 14:20:34,401 [INFO] PluginManage:310 - Check plugin tools
2025-07-24 14:20:34,401 [INFO] IntegrityCheckThread:86 - entering critical section [integrity check]
2025-07-24 14:20:34,401 [INFO] ThirdPartyUpdaterWithRetryManager:70 - Updater plugin not ready yet. [1/15]
2025-07-24 14:20:34,404 [INFO] PluginManage:359 - Loaded plugin tools (category:base,tabindex:7)
2025-07-24 14:20:34,404 [INFO] PluginManage:310 - Check plugin tutovideos
2025-07-24 14:20:34,584 [INFO] PluginManage:359 - Loaded plugin tutovideos (category:base,tabindex:-1)
2025-07-24 14:20:34,585 [INFO] PluginManage:310 - Check plugin updater
2025-07-24 14:20:34,602 [INFO] PluginManage:359 - Loaded plugin updater (category:base,tabindex:12)
2025-07-24 14:20:34,602 [INFO] PluginManage:310 - Check plugin userauth
2025-07-24 14:20:34,606 [INFO] UserAuth:118 - Init User Auth plugin
2025-07-24 14:20:34,607 [INFO] PluginManage:359 - Loaded plugin userauth (category:base,tabindex:14)
2025-07-24 14:20:34,608 [INFO] PluginManage:283 - PluginManage : Loaded plugins [18]
2025-07-24 14:20:34,785 [INFO] PinOutPanel:1589 - setPackage(No Configuration,No Configuration)
2025-07-24 14:20:34,850 [INFO] CADModel:165 - CPN selected for project level
2025-07-24 14:20:34,850 [INFO] CADModel:114 - Register for checkConnection events
2025-07-24 14:20:34,865 [INFO] IPUIPlugin:80 - create IPUIPlugin
2025-07-24 14:20:34,865 [INFO] PluginManager:220 - loadIPPluginJar : add adc
2025-07-24 14:20:34,867 [INFO] IPUIPlugin:80 - create IPUIPlugin
2025-07-24 14:20:34,867 [INFO] PluginManager:220 - loadIPPluginJar : add aes
2025-07-24 14:20:34,869 [INFO] IPUIPlugin:80 - create IPUIPlugin
2025-07-24 14:20:34,870 [INFO] PluginManager:220 - loadIPPluginJar : add can
2025-07-24 14:20:34,871 [INFO] IPUIPlugin:80 - create IPUIPlugin
2025-07-24 14:20:34,871 [INFO] PluginManager:220 - loadIPPluginJar : add comp
2025-07-24 14:20:34,873 [INFO] IPUIPlugin:80 - create IPUIPlugin
2025-07-24 14:20:34,873 [INFO] PluginManager:220 - loadIPPluginJar : add cryp
2025-07-24 14:20:34,877 [INFO] IPUIPlugin:80 - create IPUIPlugin
2025-07-24 14:20:34,877 [INFO] PluginManager:220 - loadIPPluginJar : add ddr_ctrl_phy
2025-07-24 14:20:34,879 [INFO] IPUIPlugin:80 - create IPUIPlugin
2025-07-24 14:20:34,879 [INFO] PluginManager:220 - loadIPPluginJar : add dfsdm
2025-07-24 14:20:34,883 [INFO] IPUIPlugin:80 - create IPUIPlugin
2025-07-24 14:20:34,883 [INFO] PluginManager:220 - loadIPPluginJar : add dma
2025-07-24 14:20:34,885 [INFO] IPUIPlugin:80 - create IPUIPlugin
2025-07-24 14:20:34,885 [INFO] PluginManager:220 - loadIPPluginJar : add dma3
2025-07-24 14:20:34,887 [INFO] IPUIPlugin:80 - create IPUIPlugin
2025-07-24 14:20:34,887 [INFO] PluginManager:220 - loadIPPluginJar : add extmemmanager
2025-07-24 14:20:34,889 [INFO] IPUIPlugin:80 - create IPUIPlugin
2025-07-24 14:20:34,889 [INFO] PluginManager:220 - loadIPPluginJar : add fatfs
2025-07-24 14:20:34,892 [INFO] IPUIPlugin:80 - create IPUIPlugin
2025-07-24 14:20:34,892 [INFO] PluginManager:220 - loadIPPluginJar : add fmc
2025-07-24 14:20:34,896 [INFO] IPUIPlugin:80 - create IPUIPlugin
2025-07-24 14:20:34,897 [INFO] PluginManager:220 - loadIPPluginJar : add freertos
2025-07-24 14:20:34,898 [INFO] IPUIPlugin:80 - create IPUIPlugin
2025-07-24 14:20:34,898 [INFO] PluginManager:220 - loadIPPluginJar : add genericplugin
2025-07-24 14:20:34,900 [INFO] IPUIPlugin:80 - create IPUIPlugin
2025-07-24 14:20:34,900 [INFO] PluginManager:220 - loadIPPluginJar : add gfxmmu
2025-07-24 14:20:34,903 [INFO] IPUIPlugin:80 - create IPUIPlugin
2025-07-24 14:20:34,903 [INFO] PluginManager:220 - loadIPPluginJar : add gic
2025-07-24 14:20:34,907 [INFO] IPUIPlugin:80 - create IPUIPlugin
2025-07-24 14:20:34,907 [INFO] PluginManager:220 - loadIPPluginJar : add gpio
2025-07-24 14:20:34,910 [INFO] IPUIPlugin:80 - create IPUIPlugin
2025-07-24 14:20:34,910 [INFO] PluginManager:220 - loadIPPluginJar : add gtzc
2025-07-24 14:20:34,912 [INFO] IPUIPlugin:80 - create IPUIPlugin
2025-07-24 14:20:34,912 [INFO] PluginManager:220 - loadIPPluginJar : add hash
2025-07-24 14:20:34,914 [INFO] IPUIPlugin:80 - create IPUIPlugin
2025-07-24 14:20:34,914 [INFO] PluginManager:220 - loadIPPluginJar : add i2c
2025-07-24 14:20:34,917 [INFO] IPUIPlugin:80 - create IPUIPlugin
2025-07-24 14:20:34,917 [INFO] PluginManager:220 - loadIPPluginJar : add i2s
2025-07-24 14:20:34,919 [INFO] IPUIPlugin:80 - create IPUIPlugin
2025-07-24 14:20:34,919 [INFO] PluginManager:220 - loadIPPluginJar : add i3c
2025-07-24 14:20:34,922 [INFO] IPUIPlugin:80 - create IPUIPlugin
2025-07-24 14:20:34,922 [INFO] PluginManager:220 - loadIPPluginJar : add ipddr
2025-07-24 14:20:34,928 [INFO] IPUIPlugin:80 - create IPUIPlugin
2025-07-24 14:20:34,928 [INFO] PluginManager:220 - loadIPPluginJar : add linkedlist
2025-07-24 14:20:34,932 [INFO] IPUIPlugin:80 - create IPUIPlugin
2025-07-24 14:20:34,932 [INFO] PluginManager:220 - loadIPPluginJar : add lorawan
2025-07-24 14:20:34,933 [INFO] IPUIPlugin:80 - create IPUIPlugin
2025-07-24 14:20:34,933 [INFO] PluginManager:220 - loadIPPluginJar : add ltdc
2025-07-24 14:20:34,938 [INFO] IPUIPlugin:80 - create IPUIPlugin
2025-07-24 14:20:34,938 [INFO] PluginManager:220 - loadIPPluginJar : add mdma
2025-07-24 14:20:34,942 [INFO] IPUIPlugin:80 - create IPUIPlugin
2025-07-24 14:20:34,942 [INFO] PluginManager:220 - loadIPPluginJar : add nvic
2025-07-24 14:20:34,944 [INFO] IPUIPlugin:80 - create IPUIPlugin
2025-07-24 14:20:34,944 [INFO] PluginManager:220 - loadIPPluginJar : add opamp
2025-07-24 14:20:34,947 [INFO] IPUIPlugin:80 - create IPUIPlugin
2025-07-24 14:20:34,947 [INFO] PluginManager:220 - loadIPPluginJar : add openamp
2025-07-24 14:20:34,950 [INFO] IPUIPlugin:80 - create IPUIPlugin
2025-07-24 14:20:34,950 [INFO] PluginManager:220 - loadIPPluginJar : add pdm2pcm
2025-07-24 14:20:34,955 [INFO] IPUIPlugin:80 - create IPUIPlugin
2025-07-24 14:20:34,957 [INFO] PluginManager:220 - loadIPPluginJar : add plateformsettings
2025-07-24 14:20:34,959 [INFO] IPUIPlugin:80 - create IPUIPlugin
2025-07-24 14:20:34,959 [INFO] PluginManager:220 - loadIPPluginJar : add quadspi
2025-07-24 14:20:34,961 [INFO] IPUIPlugin:80 - create IPUIPlugin
2025-07-24 14:20:34,961 [INFO] PluginManager:220 - loadIPPluginJar : add radio
2025-07-24 14:20:34,964 [INFO] IPUIPlugin:80 - create IPUIPlugin
2025-07-24 14:20:34,964 [INFO] PluginManager:220 - loadIPPluginJar : add resmgrutility
2025-07-24 14:20:34,970 [INFO] IPUIPlugin:80 - create IPUIPlugin
2025-07-24 14:20:34,970 [INFO] PluginManager:220 - loadIPPluginJar : add sai
2025-07-24 14:20:34,974 [INFO] IPUIPlugin:80 - create IPUIPlugin
2025-07-24 14:20:34,974 [INFO] PluginManager:220 - loadIPPluginJar : add spi
2025-07-24 14:20:34,981 [INFO] IPUIPlugin:80 - create IPUIPlugin
2025-07-24 14:20:34,981 [INFO] PluginManager:220 - loadIPPluginJar : add stm32_wpan
2025-07-24 14:20:34,983 [INFO] IPUIPlugin:80 - create IPUIPlugin
2025-07-24 14:20:34,984 [INFO] PluginManager:220 - loadIPPluginJar : add tim
2025-07-24 14:20:34,989 [INFO] IPUIPlugin:80 - create IPUIPlugin
2025-07-24 14:20:34,989 [INFO] PluginManager:220 - loadIPPluginJar : add touchsensing
2025-07-24 14:20:34,991 [INFO] IPUIPlugin:80 - create IPUIPlugin
2025-07-24 14:20:34,991 [INFO] PluginManager:220 - loadIPPluginJar : add tracer_emb
2025-07-24 14:20:34,993 [INFO] IPUIPlugin:80 - create IPUIPlugin
2025-07-24 14:20:34,994 [INFO] PluginManager:220 - loadIPPluginJar : add ts
2025-07-24 14:20:34,996 [INFO] IPUIPlugin:80 - create IPUIPlugin
2025-07-24 14:20:34,996 [INFO] PluginManager:220 - loadIPPluginJar : add tsc
2025-07-24 14:20:34,997 [INFO] IPUIPlugin:80 - create IPUIPlugin
2025-07-24 14:20:34,997 [INFO] PluginManager:220 - loadIPPluginJar : add ucpd
2025-07-24 14:20:34,999 [INFO] IPUIPlugin:80 - create IPUIPlugin
2025-07-24 14:20:35,000 [INFO] PluginManager:220 - loadIPPluginJar : add usart
2025-07-24 14:20:35,003 [INFO] IPUIPlugin:80 - create IPUIPlugin
2025-07-24 14:20:35,003 [INFO] PluginManager:220 - loadIPPluginJar : add usbx
2025-07-24 14:20:35,114 [FATAL] Updater:351 - Updater called before beeing initialized
2025-07-24 14:20:35,163 [INFO] RulesReader:64 - Compatibility file has been processed (317 Rules)
2025-07-24 14:20:35,180 [INFO] RulesReader:64 - Compatibility file has been processed (317 Rules)
2025-07-24 14:20:35,188 [INFO] CADModel:165 - CPN selected for project level
2025-07-24 14:20:35,188 [INFO] CADModel:114 - Register for checkConnection events
2025-07-24 14:20:35,188 [FATAL] Updater:351 - Updater called before beeing initialized
2025-07-24 14:20:35,188 [ERROR] CADModel:125 - Updater not yet initialized, retry later 
2025-07-24 14:20:35,303 [FATAL] Updater:351 - Updater called before beeing initialized
2025-07-24 14:20:35,305 [INFO] CADModel:165 - CPN selected for project level
2025-07-24 14:20:35,305 [INFO] CADModel:114 - Register for checkConnection events
2025-07-24 14:20:35,305 [FATAL] Updater:351 - Updater called before beeing initialized
2025-07-24 14:20:35,305 [ERROR] CADModel:125 - Updater not yet initialized, retry later 
2025-07-24 14:20:35,307 [FATAL] Updater:351 - Updater called before beeing initialized
2025-07-24 14:20:35,382 [FATAL] Updater:351 - Updater called before beeing initialized
2025-07-24 14:20:35,385 [INFO] DbMcusAds:53 - JSON generation date=Tue Jul 08 04:14:23 EDT 2025 (1751962463582)
2025-07-24 14:20:35,385 [FATAL] Updater:351 - Updater called before beeing initialized
2025-07-24 14:20:35,414 [WARN] DetailPanel:346 - Failed to get advertising image, set to default
2025-07-24 14:20:35,481 [FATAL] Updater:351 - Updater called before beeing initialized
2025-07-24 14:20:35,482 [FATAL] Updater:351 - Updater called before beeing initialized
2025-07-24 14:20:35,482 [FATAL] Updater:351 - Updater called before beeing initialized
2025-07-24 14:20:35,482 [WARN] DetailPanel:346 - Failed to get advertising image, set to default
2025-07-24 14:20:35,483 [FATAL] Updater:351 - Updater called before beeing initialized
2025-07-24 14:20:35,517 [ERROR] Updater:1198 - MainUpdater not yet initialized. External WinMGr cannot be set.
2025-07-24 14:20:35,519 [INFO] Updater:1134 - Updater Version found : 6.15.0
2025-07-24 14:20:35,532 [INFO] ApplicationProperties:184 - Using Application install path: C:\ST\STM32CubeIDE_1.19.0\STM32CubeIDE\plugins\com.st.stm32cube.common.mx_6.15.0.202507011659
2025-07-24 14:20:37,109 [ERROR] LogOutputStream:75 - [STDERR_REDIRECT] Jul 24, 2025 2:20:37 PM java.util.prefs.WindowsPreferences <init>
2025-07-24 14:20:37,111 [ERROR] LogOutputStream:75 - [STDERR_REDIRECT] WARNING: Could not open/create prefs root node Software\JavaSoft\Prefs at root 0xffffffff80000002. Windows RegCreateKeyEx(...) returned error code 5.
2025-07-24 14:20:37,111 [ERROR] LogOutputStream:75 - [STDERR_REDIRECT] 
2025-07-24 14:20:37,149 [INFO] MainUpdater:525 - Copy updater definitions from MX database
2025-07-24 14:20:37,349 [INFO] MainUpdater:2872 - connection check result : 10
2025-07-24 14:20:37,349 [INFO] MainUpdater:3604 - Updater definition file requires update
2025-07-24 14:20:37,350 [INFO] MainUpdater:289 - Updater Check For Update Now.
2025-07-24 14:20:37,350 [INFO] MicroXplorer:498 - Change Database Version : DB.6.0.150
2025-07-24 14:20:37,357 [INFO] McuFinderGlobals:63 - Set McuFinder mode to 2 (CubeIDE integrated)
2025-07-24 14:20:37,358 [INFO] UserAuth:487 - Internet connection configuration mode: 1
2025-07-24 14:20:37,364 [INFO] ServerAccessManage:452 - Complete download http(s) 200
2025-07-24 14:20:37,365 [INFO] ServerAccessManage:509 - Download File updaters.zip
2025-07-24 14:20:37,399 [INFO] JxBrowserEngine:152 - Initiate JxBrowser Engine with user profile folder
2025-07-24 14:20:37,403 [WARN] MainUpdater:1193 - Updater busy. Cannot search thirdparties
2025-07-24 14:20:37,403 [INFO] ThirdPartyUpdaterWithRetryManager:96 - Updater plugin is busy. [1/15]
2025-07-24 14:20:37,437 [INFO] FileExtend:248 - Unzip File : updaters.zip
2025-07-24 14:20:37,437 [INFO] FileExtend:263 - Standard Zip Deflate
2025-07-24 14:20:37,614 [INFO] ServerAccessManage:452 - Complete download http(s) 200
2025-07-24 14:20:37,614 [INFO] ServerAccessManage:509 - Download File PacksControlFlags.xml
2025-07-24 14:20:37,669 [INFO] ServerAccessManage:452 - Complete download http(s) 200
2025-07-24 14:20:37,669 [INFO] ServerAccessManage:509 - Download File cubemx.pidx
2025-07-24 14:20:37,744 [INFO] LoadServerUpdatesThread:375 - End of LoadServerUpdate Thread
2025-07-24 14:20:37,883 [INFO] CheckServerUpdateThread:120 - End of CheckServer Thread
2025-07-24 14:20:37,996 [INFO] WebApp:169 - Instantiating new browser for Auth
2025-07-24 14:20:38,624 [INFO] WebApp:463 - Apply proxy settings
2025-07-24 14:20:38,625 [INFO] WebApp:548 - Chromium requires no authentication
2025-07-24 14:20:38,635 [INFO] WebApp:491 - Direct internet connection detected
2025-07-24 14:20:38,671 [INFO] WebApp:900 - Register for checkConnection events
2025-07-24 14:20:38,671 [INFO] WebApp:463 - Apply proxy settings
2025-07-24 14:20:38,671 [INFO] WebApp:548 - Chromium requires no authentication
2025-07-24 14:20:38,672 [INFO] WebApp:491 - Direct internet connection detected
2025-07-24 14:20:38,854 [INFO] WebApp:191 - Connection restablished
2025-07-24 14:20:38,908 [INFO] WebApp:225 - Starting web application
2025-07-24 14:20:38,908 [INFO] WebApp:593 - Web application path used C:\ST\STM32CubeIDE_1.19.0\STM32CubeIDE\plugins\com.st.stm32cube.common.mx_6.15.0.202507011659\db\plugins\mcufinder\reactClient1\index.html
2025-07-24 14:20:38,976 [INFO] UserAuth:487 - Internet connection configuration mode: 1
2025-07-24 14:20:40,684 [WARN] PackLoader:240 - Cannot read IP mode file for STMicroelectronics.FP-SNS-MOTENVWB1.1.4.0
2025-07-24 14:20:40,698 [WARN] PackLoader:240 - Cannot read IP mode file for STMicroelectronics.FP-ATR-ASTRA1.2.0.2
2025-07-24 14:20:40,706 [WARN] PackLoader:240 - Cannot read IP mode file for STMicroelectronics.X-CUBE-SMBUS.2.1.0
2025-07-24 14:20:40,713 [WARN] PackLoader:240 - Cannot read IP mode file for STMicroelectronics.X-CUBE-ST60.1.0.0
2025-07-24 14:20:40,746 [WARN] PackLoader:240 - Cannot read IP mode file for STMicroelectronics.X-CUBE-AZRTOS-F7.1.1.0
2025-07-24 14:20:40,778 [WARN] PackLoader:240 - Cannot read IP mode file for Infineon.AIROC-Wi-Fi-Bluetooth-STM32.1.7.0
2025-07-24 14:20:40,801 [WARN] PackLoader:240 - Cannot read IP mode file for STMicroelectronics.X-CUBE-AZRTOS-H7.3.4.0
2025-07-24 14:20:40,810 [WARN] PackLoader:240 - Cannot read IP mode file for STMicroelectronics.X-CUBE-DISPLAY.3.0.0
2025-07-24 14:20:40,820 [WARN] PackLoader:240 - Cannot read IP mode file for STMicroelectronics.X-CUBE-NFC10.1.0.0
2025-07-24 14:20:40,829 [WARN] PackLoader:240 - Cannot read IP mode file for STMicroelectronics.X-CUBE-BLEMGR.4.0.0
2025-07-24 14:20:40,836 [WARN] PackLoader:240 - Cannot read IP mode file for emotas.I-CUBE-CANOPEN.1.3.0
2025-07-24 14:20:40,842 [WARN] ConditionMgr:438 - getConditionDescription Invalid condition id : Cortex-A Device cause : null
2025-07-24 14:20:40,852 [WARN] ConditionMgr:1044 - genDependencies : Invalid condition id : Cortex-A Device cause : null
2025-07-24 14:20:40,852 [WARN] ConditionMgr:1044 - genDependencies : Invalid condition id : Cortex-A Device cause : null
2025-07-24 14:20:40,852 [WARN] ConditionMgr:1044 - genDependencies : Invalid condition id : Cortex-A Device cause : null
2025-07-24 14:20:40,857 [WARN] PackLoader:240 - Cannot read IP mode file for STMicroelectronics.FP-SNS-SMARTAG2.1.2.0
2025-07-24 14:20:40,861 [WARN] PackLoader:240 - Cannot read IP mode file for STMicroelectronics.FP-SNS-FLIGHT1.5.1.0
2025-07-24 14:20:40,869 [INFO] LogOutputStream:77 - [STDOUT_REDIRECT] 1 : Invalid condition id : UX_CORESTACK_Condition cause : null
2025-07-24 14:20:40,870 [INFO] LogOutputStream:77 - [STDOUT_REDIRECT] 1 : Invalid condition id : UX_CORESTACK_Condition cause : null
2025-07-24 14:20:40,871 [INFO] LogOutputStream:77 - [STDOUT_REDIRECT] 1 : Invalid condition id : UX_CORESTACK_Condition cause : null
2025-07-24 14:20:40,871 [INFO] LogOutputStream:77 - [STDOUT_REDIRECT] 1 : Invalid condition id : UX_CORESTACK_Condition cause : null
2025-07-24 14:20:40,872 [INFO] LogOutputStream:77 - [STDOUT_REDIRECT] 1 : Invalid condition id : UX_CORESTACK_Condition cause : null
2025-07-24 14:20:40,875 [WARN] PackLoader:240 - Cannot read IP mode file for STMicroelectronics.X-CUBE-AZRTOS-WL.2.0.0
2025-07-24 14:20:40,879 [WARN] PackLoader:240 - Cannot read IP mode file for STMicroelectronics.FP-SNS-MOTENV1.5.0.0
2025-07-24 14:20:40,886 [WARN] PackLoader:240 - Cannot read IP mode file for WES.I-CUBE-Cesium.1.3.0
2025-07-24 14:20:40,891 [WARN] PackLoader:240 - Cannot read IP mode file for STMicroelectronics.X-CUBE-BLE2.3.3.0
2025-07-24 14:20:40,898 [WARN] PackLoader:240 - Cannot read IP mode file for STMicroelectronics.X-CUBE-NFC9.1.0.0
2025-07-24 14:20:40,904 [WARN] PackLoader:240 - Cannot read IP mode file for wolfSSL.I-CUBE-wolfSSL.5.8.0
2025-07-24 14:20:40,908 [WARN] PackLoader:240 - Cannot read IP mode file for STMicroelectronics.X-CUBE-BLE1.7.1.0
2025-07-24 14:20:40,913 [WARN] PackLoader:240 - Cannot read IP mode file for wolfSSL.I-CUBE-wolfMQTT.1.19.2
2025-07-24 14:20:40,918 [WARN] PackLoader:240 - Cannot read IP mode file for STMicroelectronics.X-CUBE-EEPRMA1.5.2.0
2025-07-24 14:20:40,922 [WARN] PackLoader:240 - Cannot read IP mode file for STMicroelectronics.X-CUBE-AI.10.1.0
2025-07-24 14:20:40,933 [WARN] PackLoader:240 - Cannot read IP mode file for STMicroelectronics.X-CUBE-AZRTOS-G0.1.1.0
2025-07-24 14:20:40,939 [WARN] PackLoader:240 - Cannot read IP mode file for STMicroelectronics.X-CUBE-SAFEA1.1.2.2
2025-07-24 14:20:40,943 [WARN] PackLoader:240 - Cannot read IP mode file for STMicroelectronics.X-CUBE-NFC4.3.0.0
2025-07-24 14:20:40,950 [WARN] PackLoader:240 - Cannot read IP mode file for EmbeddedOffice.I-CUBE-FS-RTOS.1.0.1
2025-07-24 14:20:40,956 [WARN] PackLoader:240 - Cannot read IP mode file for STMicroelectronics.X-CUBE-WB05N.2.0.0
2025-07-24 14:20:40,960 [WARN] PackLoader:240 - Cannot read IP mode file for wolfSSL.I-CUBE-wolfTPM.3.8.0
2025-07-24 14:20:40,966 [WARN] PackLoader:240 - Cannot read IP mode file for STMicroelectronics.X-CUBE-TCPP.4.2.0
2025-07-24 14:20:40,974 [WARN] PackLoader:240 - Cannot read IP mode file for RealThread.X-CUBE-RT-Thread_Nano.4.1.1
2025-07-24 14:20:40,979 [WARN] PackLoader:240 - Cannot read IP mode file for STMicroelectronics.FP-ATR-SIGFOX1.3.2.0
2025-07-24 14:20:40,983 [WARN] PackLoader:240 - Cannot read IP mode file for STMicroelectronics.X-CUBE-EEPRMA1.5.1.0
2025-07-24 14:20:40,989 [WARN] PackLoader:240 - Cannot read IP mode file for ITTIA_DB.I-CUBE-ITTIADB.8.9.0
2025-07-24 14:20:40,996 [WARN] PackLoader:240 - Cannot read IP mode file for STMicroelectronics.X-CUBE-ST67W61.1.0.0
2025-07-24 14:20:41,015 [WARN] PackLoader:240 - Cannot read IP mode file for SEGGER.I-CUBE-embOS.1.3.1
2025-07-24 14:20:41,047 [WARN] PackLoader:240 - Cannot read IP mode file for STMicroelectronics.X-CUBE-ALGOBUILD.1.4.0
2025-07-24 14:20:41,075 [WARN] PackLoader:240 - Cannot read IP mode file for STMicroelectronics.X-CUBE-MEMS1.11.3.0
2025-07-24 14:20:41,143 [WARN] PackLoader:240 - Cannot read IP mode file for STMicroelectronics.X-CUBE-PM33A1.1.0.0
2025-07-24 14:20:41,153 [WARN] PackLoader:240 - Cannot read IP mode file for STMicroelectronics.X-CUBE-AZRTOS-F4.1.1.0
2025-07-24 14:20:41,157 [WARN] PackLoader:240 - Cannot read IP mode file for Avnet-IotConnect.X-CUBE-IoTC-DA16k-PMOD.1.0.0
2025-07-24 14:20:41,161 [WARN] PackLoader:240 - Cannot read IP mode file for STMicroelectronics.X-CUBE-ISPU.2.1.0
2025-07-24 14:20:41,165 [WARN] PackLoader:240 - Cannot read IP mode file for STMicroelectronics.X-CUBE-NFC12.1.0.0
2025-07-24 14:20:41,176 [WARN] PackLoader:240 - Cannot read IP mode file for STMicroelectronics.X-CUBE-AZRTOS-L5.2.0.0
2025-07-24 14:20:41,182 [WARN] PackLoader:240 - Cannot read IP mode file for STMicroelectronics.X-CUBE-NFC6.3.1.0
2025-07-24 14:20:41,187 [WARN] PackLoader:240 - Cannot read IP mode file for STMicroelectronics.X-CUBE-FREERTOS.1.3.1
2025-07-24 14:20:41,192 [WARN] PackLoader:240 - Cannot read IP mode file for STMicroelectronics.FP-SNS-STAIOTCFT.1.0.0
2025-07-24 14:20:41,196 [WARN] PackLoader:240 - Cannot read IP mode file for STMicroelectronics.X-CUBE-DPower.1.3.0
2025-07-24 14:20:41,204 [WARN] ConditionMgr:438 - getConditionDescription Invalid condition id : LAN8742 Phy interface Condition cause : null
2025-07-24 14:20:41,204 [WARN] PackLoader:240 - Cannot read IP mode file for STMicroelectronics.X-CUBE-AZRTOS-L4.2.0.0
2025-07-24 14:20:41,204 [WARN] ConditionMgr:1044 - genDependencies : Invalid condition id : LAN8742 Phy interface Condition cause : null
2025-07-24 14:20:41,205 [WARN] ConditionMgr:1044 - genDependencies : Invalid condition id : LAN8742 Phy interface Condition cause : null
2025-07-24 14:20:41,205 [WARN] ConditionMgr:1044 - genDependencies : Invalid condition id : LAN8742 Phy interface Condition cause : null
2025-07-24 14:20:41,210 [WARN] PackLoader:240 - Cannot read IP mode file for STMicroelectronics.X-CUBE-SFXS2LP1.4.0.0
2025-07-24 14:20:41,219 [WARN] PackLoader:240 - Cannot read IP mode file for STMicroelectronics.X-CUBE-AZRTOS-H7.3.3.0
2025-07-24 14:20:41,229 [WARN] ConditionMgr:438 - getConditionDescription Invalid condition id : UX DEVICE CLASS RTOS Condition cause : null
2025-07-24 14:20:41,229 [WARN] ConditionMgr:438 - getConditionDescription Invalid condition id : UX DEVICE CLASS RTOS Condition cause : null
2025-07-24 14:20:41,230 [WARN] PackLoader:240 - Cannot read IP mode file for STMicroelectronics.X-CUBE-AZRTOS-WB.2.0.0
2025-07-24 14:20:41,230 [WARN] ConditionMgr:1044 - genDependencies : Invalid condition id : UX DEVICE CLASS RTOS Condition cause : null
2025-07-24 14:20:41,230 [WARN] ConditionMgr:1044 - genDependencies : Invalid condition id : UX DEVICE CLASS RTOS Condition cause : null
2025-07-24 14:20:41,231 [WARN] ConditionMgr:1044 - genDependencies : Invalid condition id : UX DEVICE CLASS RTOS Condition cause : null
2025-07-24 14:20:41,231 [WARN] ConditionMgr:1044 - genDependencies : Invalid condition id : UX DEVICE CLASS RTOS Condition cause : null
2025-07-24 14:20:41,231 [WARN] ConditionMgr:1044 - genDependencies : Invalid condition id : UX DEVICE CLASS RTOS Condition cause : null
2025-07-24 14:20:41,234 [WARN] PackLoader:240 - Cannot read IP mode file for STMicroelectronics.X-CUBE-GNSS1.7.0.1
2025-07-24 14:20:41,239 [WARN] PackLoader:240 - Cannot read IP mode file for STMicroelectronics.X-CUBE-TOUCHGFX.4.25.0
2025-07-24 14:20:41,242 [WARN] PackLoader:240 - Cannot read IP mode file for STMicroelectronics.FP-SNS-STBOX1.2.0.0
2025-07-24 14:20:41,248 [WARN] PackLoader:240 - Cannot read IP mode file for STMicroelectronics.X-CUBE-SUBG2.5.0.0
2025-07-24 14:20:41,259 [WARN] PackLoader:240 - Cannot read IP mode file for STMicroelectronics.X-CUBE-AZRTOS-H7RS.1.1.0
2025-07-24 14:20:41,262 [WARN] PackLoader:240 - Cannot read IP mode file for Cesanta.I-CUBE-Mongoose.7.13.0
2025-07-24 14:20:41,270 [WARN] PackLoader:240 - Cannot read IP mode file for STMicroelectronics.X-CUBE-AZRTOS-G4.2.0.0
2025-07-24 14:20:41,274 [WARN] PackLoader:240 - Cannot read IP mode file for wolfSSL.I-CUBE-wolfSSH.1.4.20
2025-07-24 14:20:41,277 [WARN] PackLoader:240 - Cannot read IP mode file for STMicroelectronics.X-CUBE-NFC7.2.0.0
2025-07-24 14:20:41,292 [WARN] PackLoader:240 - Cannot read IP mode file for STMicroelectronics.X-CUBE-IPS.3.1.0
2025-07-24 14:20:41,300 [WARN] PackLoader:240 - Cannot read IP mode file for STMicroelectronics.X-CUBE-ALS.1.0.2
2025-07-24 14:20:41,305 [WARN] PackLoader:240 - Cannot read IP mode file for portGmbH.I-Cube-SoM-uGOAL.1.1.0
2025-07-24 14:20:41,315 [WARN] PackLoader:240 - Cannot read IP mode file for STMicroelectronics.X-CUBE-TOF1.3.4.3
2025-07-24 14:20:41,327 [INFO] ThirdParty:978 - Integrity check success = true
2025-07-24 14:20:41,327 [INFO] IntegrityCheckThread:100 - exiting critical section [integrity check]
2025-07-24 14:20:41,327 [INFO] IntegrityCheckThread:103 - End integrity checks thread
2025-07-24 14:20:47,432 [ERROR] LogOutputStream:75 - [STDERR_REDIRECT] 
